{"contracts/FourierSolutions.sol":{"l":{"61":9,"62":8,"65":7,"68":7,"77":7,"79":7,"82":7,"96":9,"97":8,"98":5,"101":5,"104":5,"106":4,"109":4,"110":4,"120":4,"122":4,"125":4,"136":5,"139":5,"140":4,"142":2,"143":2,"146":1,"149":1,"152":1,"162":1,"163":1,"165":1,"168":1,"171":1,"174":1,"193":1,"195":1,"196":1,"197":1,"198":1,"213":1,"215":1,"216":1,"217":1,"218":1,"227":3,"234":2,"242":1,"259":1,"261":1,"262":1,"263":1,"264":1,"265":1},"path":"/Users/WilliamHuang/Developer/Job-Development/Fourier Solutions/contracts/FourierSolutions.sol","s":{"1":9,"2":8,"3":7,"4":7,"5":7,"6":7,"7":9,"8":8,"9":5,"10":5,"11":5,"12":4,"13":4,"14":4,"15":4,"16":4,"17":4,"18":5,"19":5,"20":4,"21":2,"22":2,"23":1,"24":1,"25":1,"26":1,"27":1,"28":1,"29":1,"30":1,"31":1,"32":1,"33":1,"34":1,"35":1,"36":1,"37":1,"38":1,"39":1,"40":3,"41":2,"42":1,"43":1,"44":1,"45":1,"46":1,"47":1,"48":1},"b":{"1":[8,1],"2":[7,1],"3":[8,1],"4":[5,3],"5":[5,0],"6":[4,1],"7":[4,0],"8":[4,1],"9":[2,2],"10":[2,0],"11":[1,1],"12":[1,0],"13":[1,0],"14":[1,0]},"f":{"1":9,"2":9,"3":5,"4":1,"5":1,"6":1,"7":3,"8":2,"9":1,"10":1},"fnMap":{"1":{"name":"registerRetailer","line":58,"loc":{"start":{"line":58,"column":4},"end":{"line":58,"column":56}}},"2":{"name":"payRetailer","line":93,"loc":{"start":{"line":93,"column":4},"end":{"line":93,"column":111}}},"3":{"name":"retailerWithdraw","line":134,"loc":{"start":{"line":134,"column":4},"end":{"line":134,"column":68}}},"4":{"name":"fourierWithdraw","line":160,"loc":{"start":{"line":160,"column":4},"end":{"line":160,"column":59}}},"5":{"name":"getRetailer","line":186,"loc":{"start":{"line":186,"column":4},"end":{"line":191,"column":7}}},"6":{"name":"getRetailerByName","line":206,"loc":{"start":{"line":206,"column":4},"end":{"line":211,"column":7}}},"7":{"name":"getRetailerBalance","line":226,"loc":{"start":{"line":226,"column":4},"end":{"line":226,"column":87}}},"8":{"name":"getFourierBalance","line":233,"loc":{"start":{"line":233,"column":4},"end":{"line":233,"column":80}}},"9":{"name":"getNumTransactions","line":241,"loc":{"start":{"line":241,"column":4},"end":{"line":241,"column":95}}},"10":{"name":"getTransaction","line":251,"loc":{"start":{"line":251,"column":4},"end":{"line":257,"column":7}}}},"statementMap":{"1":{"start":{"line":61,"column":8},"end":{"line":61,"column":47}},"2":{"start":{"line":62,"column":8},"end":{"line":62,"column":53}},"3":{"start":{"line":68,"column":8},"end":{"line":68,"column":2141}},"4":{"start":{"line":77,"column":8},"end":{"line":77,"column":56}},"5":{"start":{"line":79,"column":8},"end":{"line":79,"column":54}},"6":{"start":{"line":82,"column":8},"end":{"line":82,"column":66}},"7":{"start":{"line":96,"column":8},"end":{"line":96,"column":29}},"8":{"start":{"line":97,"column":8},"end":{"line":97,"column":55}},"9":{"start":{"line":98,"column":8},"end":{"line":98,"column":51}},"10":{"start":{"line":101,"column":8},"end":{"line":101,"column":63}},"11":{"start":{"line":104,"column":8},"end":{"line":104,"column":31}},"12":{"start":{"line":106,"column":8},"end":{"line":106,"column":63}},"13":{"start":{"line":109,"column":8},"end":{"line":109,"column":40}},"14":{"start":{"line":110,"column":8},"end":{"line":110,"column":3740}},"15":{"start":{"line":120,"column":8},"end":{"line":120,"column":39}},"16":{"start":{"line":122,"column":8},"end":{"line":122,"column":45}},"17":{"start":{"line":125,"column":8},"end":{"line":125,"column":92}},"18":{"start":{"line":136,"column":8},"end":{"line":136,"column":62}},"19":{"start":{"line":139,"column":8},"end":{"line":139,"column":46}},"20":{"start":{"line":140,"column":8},"end":{"line":140,"column":43}},"21":{"start":{"line":142,"column":8},"end":{"line":142,"column":61}},"22":{"start":{"line":143,"column":8},"end":{"line":143,"column":52}},"23":{"start":{"line":146,"column":8},"end":{"line":146,"column":54}},"24":{"start":{"line":152,"column":8},"end":{"line":152,"column":47}},"25":{"start":{"line":162,"column":8},"end":{"line":162,"column":27}},"26":{"start":{"line":163,"column":8},"end":{"line":163,"column":50}},"27":{"start":{"line":165,"column":8},"end":{"line":165,"column":75}},"28":{"start":{"line":168,"column":8},"end":{"line":168,"column":41}},"29":{"start":{"line":174,"column":8},"end":{"line":174,"column":33}},"30":{"start":{"line":193,"column":8},"end":{"line":193,"column":62}},"31":{"start":{"line":195,"column":8},"end":{"line":195,"column":36}},"32":{"start":{"line":196,"column":8},"end":{"line":196,"column":34}},"33":{"start":{"line":197,"column":8},"end":{"line":197,"column":46}},"34":{"start":{"line":198,"column":8},"end":{"line":198,"column":50}},"35":{"start":{"line":213,"column":8},"end":{"line":213,"column":83}},"36":{"start":{"line":215,"column":8},"end":{"line":215,"column":32}},"37":{"start":{"line":216,"column":8},"end":{"line":216,"column":34}},"38":{"start":{"line":217,"column":8},"end":{"line":217,"column":46}},"39":{"start":{"line":218,"column":8},"end":{"line":218,"column":50}},"40":{"start":{"line":227,"column":8},"end":{"line":227,"column":51}},"41":{"start":{"line":234,"column":8},"end":{"line":234,"column":38}},"42":{"start":{"line":242,"column":8},"end":{"line":242,"column":43}},"43":{"start":{"line":259,"column":8},"end":{"line":259,"column":87}},"44":{"start":{"line":261,"column":8},"end":{"line":261,"column":31}},"45":{"start":{"line":262,"column":8},"end":{"line":262,"column":46}},"46":{"start":{"line":263,"column":8},"end":{"line":263,"column":43}},"47":{"start":{"line":264,"column":8},"end":{"line":264,"column":45}},"48":{"start":{"line":265,"column":8},"end":{"line":265,"column":41}}},"branchMap":{"1":{"line":61,"type":"if","locations":[{"start":{"line":61,"column":8},"end":{"line":61,"column":8}},{"start":{"line":61,"column":8},"end":{"line":61,"column":8}}]},"2":{"line":62,"type":"if","locations":[{"start":{"line":62,"column":8},"end":{"line":62,"column":8}},{"start":{"line":62,"column":8},"end":{"line":62,"column":8}}]},"3":{"line":96,"type":"if","locations":[{"start":{"line":96,"column":8},"end":{"line":96,"column":8}},{"start":{"line":96,"column":8},"end":{"line":96,"column":8}}]},"4":{"line":97,"type":"if","locations":[{"start":{"line":97,"column":8},"end":{"line":97,"column":8}},{"start":{"line":97,"column":8},"end":{"line":97,"column":8}}]},"5":{"line":98,"type":"if","locations":[{"start":{"line":98,"column":8},"end":{"line":98,"column":8}},{"start":{"line":98,"column":8},"end":{"line":98,"column":8}}]},"6":{"line":104,"type":"if","locations":[{"start":{"line":104,"column":8},"end":{"line":104,"column":8}},{"start":{"line":104,"column":8},"end":{"line":104,"column":8}}]},"7":{"line":106,"type":"if","locations":[{"start":{"line":106,"column":8},"end":{"line":106,"column":8}},{"start":{"line":106,"column":8},"end":{"line":106,"column":8}}]},"8":{"line":139,"type":"if","locations":[{"start":{"line":139,"column":8},"end":{"line":139,"column":8}},{"start":{"line":139,"column":8},"end":{"line":139,"column":8}}]},"9":{"line":140,"type":"if","locations":[{"start":{"line":140,"column":8},"end":{"line":140,"column":8}},{"start":{"line":140,"column":8},"end":{"line":140,"column":8}}]},"10":{"line":142,"type":"if","locations":[{"start":{"line":142,"column":8},"end":{"line":142,"column":8}},{"start":{"line":142,"column":8},"end":{"line":142,"column":8}}]},"11":{"line":143,"type":"if","locations":[{"start":{"line":143,"column":8},"end":{"line":143,"column":8}},{"start":{"line":143,"column":8},"end":{"line":143,"column":8}}]},"12":{"line":162,"type":"if","locations":[{"start":{"line":162,"column":8},"end":{"line":162,"column":8}},{"start":{"line":162,"column":8},"end":{"line":162,"column":8}}]},"13":{"line":163,"type":"if","locations":[{"start":{"line":163,"column":8},"end":{"line":163,"column":8}},{"start":{"line":163,"column":8},"end":{"line":163,"column":8}}]},"14":{"line":165,"type":"if","locations":[{"start":{"line":165,"column":8},"end":{"line":165,"column":8}},{"start":{"line":165,"column":8},"end":{"line":165,"column":8}}]}}},"contracts/Ownable.sol":{"l":{"14":1,"21":4,"22":3},"path":"/Users/WilliamHuang/Developer/Job-Development/Fourier Solutions/contracts/Ownable.sol","s":{"1":1,"2":4},"b":{"1":[3,1]},"f":{"1":1,"2":4},"fnMap":{"1":{"name":"Ownable","line":12,"loc":{"start":{"line":12,"column":4},"end":{"line":12,"column":27}}},"2":{"name":"onlyOwner","line":20,"loc":{"start":{"line":20,"column":4},"end":{"line":20,"column":22}}}},"statementMap":{"1":{"start":{"line":14,"column":8},"end":{"line":14,"column":25}},"2":{"start":{"line":21,"column":8},"end":{"line":21,"column":36}}},"branchMap":{"1":{"line":21,"type":"if","locations":[{"start":{"line":21,"column":8},"end":{"line":21,"column":8}},{"start":{"line":21,"column":8},"end":{"line":21,"column":8}}]}}}}