TN:
SF:/Users/WilliamHuang/Developer/Job-Development/Fourier Solutions/contracts/FourierSolutions.sol
FN:58,registerRetailer
FN:93,payRetailer
FN:134,retailerWithdraw
FN:160,fourierWithdraw
FN:186,getRetailer
FN:206,getRetailerByName
FN:226,getRetailerBalance
FN:233,getFourierBalance
FN:241,getNumTransactions
FN:251,getTransaction
FNF:10
FNH:10
FNDA:9,registerRetailer
FNDA:9,payRetailer
FNDA:5,retailerWithdraw
FNDA:1,fourierWithdraw
FNDA:1,getRetailer
FNDA:1,getRetailerByName
FNDA:3,getRetailerBalance
FNDA:2,getFourierBalance
FNDA:1,getNumTransactions
FNDA:1,getTransaction
DA:61,9
DA:62,8
DA:65,7
DA:68,7
DA:77,7
DA:79,7
DA:82,7
DA:96,9
DA:97,8
DA:98,5
DA:101,5
DA:104,5
DA:106,4
DA:109,4
DA:110,4
DA:120,4
DA:122,4
DA:125,4
DA:136,5
DA:139,5
DA:140,4
DA:142,2
DA:143,2
DA:146,1
DA:149,1
DA:152,1
DA:162,1
DA:163,1
DA:165,1
DA:168,1
DA:171,1
DA:174,1
DA:193,1
DA:195,1
DA:196,1
DA:197,1
DA:198,1
DA:213,1
DA:215,1
DA:216,1
DA:217,1
DA:218,1
DA:227,3
DA:234,2
DA:242,1
DA:259,1
DA:261,1
DA:262,1
DA:263,1
DA:264,1
DA:265,1
LF:51
LH:51
BRDA:61,1,0,8
BRDA:61,1,1,1
BRDA:62,2,0,7
BRDA:62,2,1,1
BRDA:96,3,0,8
BRDA:96,3,1,1
BRDA:97,4,0,5
BRDA:97,4,1,3
BRDA:98,5,0,5
BRDA:98,5,1,0
BRDA:104,6,0,4
BRDA:104,6,1,1
BRDA:106,7,0,4
BRDA:106,7,1,0
BRDA:139,8,0,4
BRDA:139,8,1,1
BRDA:140,9,0,2
BRDA:140,9,1,2
BRDA:142,10,0,2
BRDA:142,10,1,0
BRDA:143,11,0,1
BRDA:143,11,1,1
BRDA:162,12,0,1
BRDA:162,12,1,0
BRDA:163,13,0,1
BRDA:163,13,1,0
BRDA:165,14,0,1
BRDA:165,14,1,0
BRF:28
BRH:22
end_of_record
TN:
SF:/Users/WilliamHuang/Developer/Job-Development/Fourier Solutions/contracts/Ownable.sol
FN:12,Ownable
FN:20,onlyOwner
FNF:2
FNH:2
FNDA:1,Ownable
FNDA:4,onlyOwner
DA:14,1
DA:21,4
DA:22,3
LF:3
LH:3
BRDA:21,1,0,3
BRDA:21,1,1,1
BRF:2
BRH:2
end_of_record
